<?xml version="1.0" encoding="UTF-8"?>
<!-- Generated by org.testng.reporters.JUnitXMLReporter -->
<testsuite hostname="DESKTOP-TNV22FS" name="TestNGhah suite" tests="54" failures="34" timestamp="17 Jun 2020 08:08:07 GMT" time="68.039" errors="0">
  <testcase name="testInsert" time="2.103" classname="TestNGhah.TestDepartDelete">
    <failure type="java.lang.AssertionError" message="User Test expected [true] but found [false]">
      <![CDATA[java.lang.AssertionError: User Test expected [true] but found [false]
	at TestNGhah.TestDepartDelete.testInsert(TestDepartDelete.java:37)
... Removed 26 stack frames]]>
    </failure>
  </testcase> <!-- testInsert -->
  <testcase name="testInsert" time="0.004" classname="TestNGhah.TestDepartDelete"/>
  <testcase name="testInsert" time="0.019" classname="TestNGhah.TestDepartInsert"/>
  <testcase name="testInsert" time="0.014" classname="TestNGhah.TestDepartInsert">
    <failure type="java.lang.AssertionError" message="User Test expected [true] but found [false]">
      <![CDATA[java.lang.AssertionError: User Test expected [true] but found [false]
	at TestNGhah.TestDepartInsert.testInsert(TestDepartInsert.java:41)
... Removed 26 stack frames]]>
    </failure>
  </testcase> <!-- testInsert -->
  <testcase name="testInsert" time="0.055" classname="TestNGhah.TestDepartInsert">
    <failure type="java.lang.AssertionError" message="User Test expected [true] but found [false]">
      <![CDATA[java.lang.AssertionError: User Test expected [true] but found [false]
	at TestNGhah.TestDepartInsert.testInsert(TestDepartInsert.java:41)
... Removed 26 stack frames]]>
    </failure>
  </testcase> <!-- testInsert -->
  <testcase name="testInsert" time="0.065" classname="TestNGhah.TestDepartInsert">
    <failure type="java.lang.AssertionError" message="User Test expected [true] but found [false]">
      <![CDATA[java.lang.AssertionError: User Test expected [true] but found [false]
	at TestNGhah.TestDepartInsert.testInsert(TestDepartInsert.java:41)
... Removed 26 stack frames]]>
    </failure>
  </testcase> <!-- testInsert -->
  <testcase name="testInsert" time="0.037" classname="TestNGhah.TestDepartInsert">
    <failure type="java.lang.AssertionError" message="User Test expected [true] but found [false]">
      <![CDATA[java.lang.AssertionError: User Test expected [true] but found [false]
	at TestNGhah.TestDepartInsert.testInsert(TestDepartInsert.java:41)
... Removed 26 stack frames]]>
    </failure>
  </testcase> <!-- testInsert -->
  <testcase name="testInsert" time="0.011" classname="TestNGhah.TestDepartUpdate"/>
  <testcase name="testInsert" time="0.005" classname="TestNGhah.TestDepartUpdate">
    <failure type="java.lang.AssertionError" message="User Test expected [true] but found [false]">
      <![CDATA[java.lang.AssertionError: User Test expected [true] but found [false]
	at TestNGhah.TestDepartUpdate.testInsert(TestDepartUpdate.java:37)
... Removed 26 stack frames]]>
    </failure>
  </testcase> <!-- testInsert -->
  <testcase name="testInsert" time="0.003" classname="TestNGhah.TestDepartUpdate"/>
  <testcase name="testLogin" time="29.868" classname="TestNGhah.TestLogin"/>
  <testcase name="testLogin" time="0.685" classname="TestNGhah.TestLogin">
    <failure type="java.lang.AssertionError" message="expected [http://localhost:8084/ASM_QuanLyNhanVienOld/user/edit.html?nameofuser=Phamlongan] but found [http://localhost:8084/ASM_QuanLyNhanVienOld/user/login.html]">
      <![CDATA[java.lang.AssertionError: expected [http://localhost:8084/ASM_QuanLyNhanVienOld/user/edit.html?nameofuser=Phamlongan] but found [http://localhost:8084/ASM_QuanLyNhanVienOld/user/login.html]
	at TestNGhah.TestLogin.testLogin(TestLogin.java:75)
... Removed 28 stack frames]]>
    </failure>
  </testcase> <!-- testLogin -->
  <testcase name="testLogin" time="0.637" classname="TestNGhah.TestLogin">
    <failure type="java.lang.AssertionError" message="expected [http://localhost:8084/ASM_QuanLyNhanVienOld/user/edit.html?nameofuser= ] but found [http://localhost:8084/ASM_QuanLyNhanVienOld/user/login.html]">
      <![CDATA[java.lang.AssertionError: expected [http://localhost:8084/ASM_QuanLyNhanVienOld/user/edit.html?nameofuser= ] but found [http://localhost:8084/ASM_QuanLyNhanVienOld/user/login.html]
	at TestNGhah.TestLogin.testLogin(TestLogin.java:75)
... Removed 28 stack frames]]>
    </failure>
  </testcase> <!-- testLogin -->
  <testcase name="testLogin" time="0.609" classname="TestNGhah.TestLogin">
    <failure type="java.lang.AssertionError" message="expected [http://localhost:8084/ASM_QuanLyNhanVienOld/user/edit.html?nameofuser=longan12] but found [http://localhost:8084/ASM_QuanLyNhanVienOld/user/login.html]">
      <![CDATA[java.lang.AssertionError: expected [http://localhost:8084/ASM_QuanLyNhanVienOld/user/edit.html?nameofuser=longan12] but found [http://localhost:8084/ASM_QuanLyNhanVienOld/user/login.html]
	at TestNGhah.TestLogin.testLogin(TestLogin.java:75)
... Removed 28 stack frames]]>
    </failure>
  </testcase> <!-- testLogin -->
  <testcase name="testInsert" time="0.323" classname="TestNGhah.TestRecordInsert"/>
  <testcase name="testInsert" time="0.009" classname="TestNGhah.TestRecordInsert"/>
  <testcase name="testInsert" time="0.001" classname="TestNGhah.TestRecordInsert">
    <failure type="java.lang.IllegalArgumentException" message="argument type mismatch">
      <![CDATA[java.lang.IllegalArgumentException: argument type mismatch
... Removed 23 stack frames]]>
    </failure>
  </testcase> <!-- testInsert -->
  <testcase name="testInsert" time="0.001" classname="TestNGhah.TestRecordInsert">
    <failure type="java.lang.IllegalArgumentException" message="argument type mismatch">
      <![CDATA[java.lang.IllegalArgumentException: argument type mismatch
... Removed 23 stack frames]]>
    </failure>
  </testcase> <!-- testInsert -->
  <testcase name="testInsert" time="0.017" classname="TestNGhah.TestStaffDelete"/>
  <testcase name="testInsert" time="0.0" classname="TestNGhah.TestStaffDelete">
    <failure type="java.lang.IllegalArgumentException" message="argument type mismatch">
      <![CDATA[java.lang.IllegalArgumentException: argument type mismatch
... Removed 23 stack frames]]>
    </failure>
  </testcase> <!-- testInsert -->
  <testcase name="testInsert" time="0.007" classname="TestNGhah.TestStaffInsert"/>
  <testcase name="testInsert" time="0.0" classname="TestNGhah.TestStaffInsert">
    <failure type="java.lang.IllegalArgumentException" message="argument type mismatch">
      <![CDATA[java.lang.IllegalArgumentException: argument type mismatch
... Removed 23 stack frames]]>
    </failure>
  </testcase> <!-- testInsert -->
  <testcase name="testInsert" time="0.008" classname="TestNGhah.TestStaffInsert"/>
  <testcase name="testInsert" time="0.0" classname="TestNGhah.TestStaffInsert">
    <failure type="java.lang.IllegalArgumentException" message="argument type mismatch">
      <![CDATA[java.lang.IllegalArgumentException: argument type mismatch
... Removed 23 stack frames]]>
    </failure>
  </testcase> <!-- testInsert -->
  <testcase name="testInsert" time="0.001" classname="TestNGhah.TestStaffInsert">
    <failure type="java.lang.IllegalArgumentException" message="argument type mismatch">
      <![CDATA[java.lang.IllegalArgumentException: argument type mismatch
... Removed 23 stack frames]]>
    </failure>
  </testcase> <!-- testInsert -->
  <testcase name="testInsert" time="0.009" classname="TestNGhah.TestStaffInsert"/>
  <testcase name="testInsert" time="0.0" classname="TestNGhah.TestStaffInsert">
    <failure type="java.lang.IllegalArgumentException" message="argument type mismatch">
      <![CDATA[java.lang.IllegalArgumentException: argument type mismatch
... Removed 23 stack frames]]>
    </failure>
  </testcase> <!-- testInsert -->
  <testcase name="testInsert" time="0.014" classname="TestNGhah.TestStaffInsert"/>
  <testcase name="testInsert" time="0.009" classname="TestNGhah.TestStaffInsert"/>
  <testcase name="testInsert" time="0.008" classname="TestNGhah.TestStaffInsert"/>
  <testcase name="testInsert" time="0.011" classname="TestNGhah.TestStaffInsert"/>
  <testcase name="testInsert" time="0.008" classname="TestNGhah.TestStaffUpdate"/>
  <testcase name="testInsert" time="0.001" classname="TestNGhah.TestStaffUpdate">
    <failure type="java.lang.IllegalArgumentException" message="argument type mismatch">
      <![CDATA[java.lang.IllegalArgumentException: argument type mismatch
... Removed 23 stack frames]]>
    </failure>
  </testcase> <!-- testInsert -->
  <testcase name="testInsert" time="0.005" classname="TestNGhah.TestStaffUpdate"/>
  <testcase name="testInsert" time="0.0" classname="TestNGhah.TestStaffUpdate">
    <failure type="java.lang.IllegalArgumentException" message="argument type mismatch">
      <![CDATA[java.lang.IllegalArgumentException: argument type mismatch
... Removed 23 stack frames]]>
    </failure>
  </testcase> <!-- testInsert -->
  <testcase name="testInsert" time="0.0" classname="TestNGhah.TestStaffUpdate">
    <failure type="java.lang.IllegalArgumentException" message="argument type mismatch">
      <![CDATA[java.lang.IllegalArgumentException: argument type mismatch
... Removed 23 stack frames]]>
    </failure>
  </testcase> <!-- testInsert -->
  <testcase name="testInsert" time="0.007" classname="TestNGhah.TestStaffUpdate"/>
  <testcase name="testInsert" time="0.0" classname="TestNGhah.TestStaffUpdate">
    <failure type="java.lang.IllegalArgumentException" message="argument type mismatch">
      <![CDATA[java.lang.IllegalArgumentException: argument type mismatch
... Removed 23 stack frames]]>
    </failure>
  </testcase> <!-- testInsert -->
  <testcase name="testInsert" time="0.007" classname="TestNGhah.TestStaffUpdate"/>
  <testcase name="testInsert" time="0.0" classname="TestNGhah.TestStaffUpdate">
    <failure type="java.lang.IllegalArgumentException" message="argument type mismatch">
      <![CDATA[java.lang.IllegalArgumentException: argument type mismatch
... Removed 23 stack frames]]>
    </failure>
  </testcase> <!-- testInsert -->
  <testcase name="testInsert" time="0.005" classname="TestNGhah.TestStaffUpdate">
    <failure type="java.lang.AssertionError" message="User Test expected [true] but found [false]">
      <![CDATA[java.lang.AssertionError: User Test expected [true] but found [false]
	at TestNGhah.TestStaffUpdate.testInsert(TestStaffUpdate.java:42)
... Removed 26 stack frames]]>
    </failure>
  </testcase> <!-- testInsert -->
  <testcase name="testInsert" time="0.007" classname="TestNGhah.TestUserDelete">
    <failure type="java.lang.AssertionError" message="User Test expected [true] but found [false]">
      <![CDATA[java.lang.AssertionError: User Test expected [true] but found [false]
	at TestNGhah.TestUserDelete.testInsert(TestUserDelete.java:37)
... Removed 26 stack frames]]>
    </failure>
  </testcase> <!-- testInsert -->
  <testcase name="testInsert" time="0.007" classname="TestNGhah.TestUserDelete">
    <failure type="java.lang.AssertionError" message="User Test expected [true] but found [false]">
      <![CDATA[java.lang.AssertionError: User Test expected [true] but found [false]
	at TestNGhah.TestUserDelete.testInsert(TestUserDelete.java:37)
... Removed 26 stack frames]]>
    </failure>
  </testcase> <!-- testInsert -->
  <testcase name="testInsert" time="0.111" classname="TestNGhah.TestUserInsert">
    <failure type="java.lang.AssertionError" message="User Test expected [true] but found [false]">
      <![CDATA[java.lang.AssertionError: User Test expected [true] but found [false]
	at TestNGhah.TestUserInsert.testInsert(TestUserInsert.java:37)
... Removed 26 stack frames]]>
    </failure>
  </testcase> <!-- testInsert -->
  <testcase name="testInsert" time="0.005" classname="TestNGhah.TestUserInsert">
    <failure type="java.lang.AssertionError" message="User Test expected [true] but found [false]">
      <![CDATA[java.lang.AssertionError: User Test expected [true] but found [false]
	at TestNGhah.TestUserInsert.testInsert(TestUserInsert.java:37)
... Removed 26 stack frames]]>
    </failure>
  </testcase> <!-- testInsert -->
  <testcase name="testInsert" time="0.004" classname="TestNGhah.TestUserInsert">
    <failure type="java.lang.AssertionError" message="User Test expected [true] but found [false]">
      <![CDATA[java.lang.AssertionError: User Test expected [true] but found [false]
	at TestNGhah.TestUserInsert.testInsert(TestUserInsert.java:37)
... Removed 26 stack frames]]>
    </failure>
  </testcase> <!-- testInsert -->
  <testcase name="testInsert" time="0.005" classname="TestNGhah.TestUserInsert">
    <failure type="java.lang.AssertionError" message="User Test expected [true] but found [false]">
      <![CDATA[java.lang.AssertionError: User Test expected [true] but found [false]
	at TestNGhah.TestUserInsert.testInsert(TestUserInsert.java:37)
... Removed 26 stack frames]]>
    </failure>
  </testcase> <!-- testInsert -->
  <testcase name="testInsert" time="0.102" classname="TestNGhah.TestUserInsert">
    <failure type="java.lang.AssertionError" message="User Test expected [true] but found [false]">
      <![CDATA[java.lang.AssertionError: User Test expected [true] but found [false]
	at TestNGhah.TestUserInsert.testInsert(TestUserInsert.java:37)
... Removed 26 stack frames]]>
    </failure>
  </testcase> <!-- testInsert -->
  <testcase name="testInsert" time="0.005" classname="TestNGhah.TestUserInsert">
    <failure type="java.lang.AssertionError" message="User Test expected [true] but found [false]">
      <![CDATA[java.lang.AssertionError: User Test expected [true] but found [false]
	at TestNGhah.TestUserInsert.testInsert(TestUserInsert.java:37)
... Removed 26 stack frames]]>
    </failure>
  </testcase> <!-- testInsert -->
  <testcase name="testInsert" time="0.002" classname="TestNGhah.TestUserInsert">
    <failure type="java.lang.AssertionError" message="User Test expected [true] but found [false]">
      <![CDATA[java.lang.AssertionError: User Test expected [true] but found [false]
	at TestNGhah.TestUserInsert.testInsert(TestUserInsert.java:37)
... Removed 26 stack frames]]>
    </failure>
  </testcase> <!-- testInsert -->
  <testcase name="testInsert" time="0.005" classname="TestNGhah.TestUserInsert">
    <failure type="java.lang.AssertionError" message="User Test expected [true] but found [false]">
      <![CDATA[java.lang.AssertionError: User Test expected [true] but found [false]
	at TestNGhah.TestUserInsert.testInsert(TestUserInsert.java:37)
... Removed 26 stack frames]]>
    </failure>
  </testcase> <!-- testInsert -->
  <testcase name="testInsert" time="0.104" classname="TestNGhah.TestUserInsert">
    <failure type="java.lang.AssertionError" message="User Test expected [true] but found [false]">
      <![CDATA[java.lang.AssertionError: User Test expected [true] but found [false]
	at TestNGhah.TestUserInsert.testInsert(TestUserInsert.java:37)
... Removed 26 stack frames]]>
    </failure>
  </testcase> <!-- testInsert -->
  <testcase name="testInsert" time="0.007" classname="TestNGhah.TestUserUpdate"/>
  <testcase name="testInsert" time="0.006" classname="TestNGhah.TestUserUpdate">
    <failure type="java.lang.AssertionError" message="User Test expected [true] but found [false]">
      <![CDATA[java.lang.AssertionError: User Test expected [true] but found [false]
	at TestNGhah.TestUserUpdate.testInsert(TestUserUpdate.java:38)
... Removed 26 stack frames]]>
    </failure>
  </testcase> <!-- testInsert -->
</testsuite> <!-- TestNGhah suite -->
